Compiling the C compiler identification source file "CMakeCCompilerId.c" failed.
Compiler: D:/Program/Cygwin/bin/cc 
Build flags: 
Id flags:  

The output was:
拒绝访问。


Compiling the C compiler identification source file "CMakeCCompilerId.c" failed.
Compiler: D:/Program/Cygwin/bin/cc 
Build flags: 
Id flags: -c 

The output was:
拒绝访问。


Compiling the C compiler identification source file "CMakeCCompilerId.c" failed.
Compiler: D:/Program/Cygwin/bin/cc 
Build flags: 
Id flags: -Aa 

The output was:
拒绝访问。


Compiling the C compiler identification source file "CMakeCCompilerId.c" failed.
Compiler: D:/Program/Cygwin/bin/cc 
Build flags: 
Id flags: -D__CLASSIC_C__ 

The output was:
拒绝访问。


Compiling the C compiler identification source file "CMakeCCompilerId.c" failed.
Compiler: D:/Program/Cygwin/bin/cc 
Build flags: 
Id flags: --target=arm-arm-none-eabi;-mcpu=cortex-m3 

The output was:
拒绝访问。


Compiling the C compiler identification source file "CMakeCCompilerId.c" failed.
Compiler: D:/Program/Cygwin/bin/cc 
Build flags: 
Id flags: -c;-I__does_not_exist__ 

The output was:
拒绝访问。


Compiling the C compiler identification source file "CMakeCCompilerId.c" failed.
Compiler: D:/Program/Cygwin/bin/cc 
Build flags: 
Id flags:  

The output was:
拒绝访问。


Compiling the C compiler identification source file "CMakeCCompilerId.c" failed.
Compiler: D:/Program/Cygwin/bin/cc 
Build flags: 
Id flags: -c 

The output was:
拒绝访问。


Compiling the C compiler identification source file "CMakeCCompilerId.c" failed.
Compiler: D:/Program/Cygwin/bin/cc 
Build flags: 
Id flags: -Aa 

The output was:
拒绝访问。


Compiling the C compiler identification source file "CMakeCCompilerId.c" failed.
Compiler: D:/Program/Cygwin/bin/cc 
Build flags: 
Id flags: -D__CLASSIC_C__ 

The output was:
拒绝访问。


Compiling the C compiler identification source file "CMakeCCompilerId.c" failed.
Compiler: D:/Program/Cygwin/bin/cc 
Build flags: 
Id flags: --target=arm-arm-none-eabi;-mcpu=cortex-m3 

The output was:
拒绝访问。


Compiling the C compiler identification source file "CMakeCCompilerId.c" failed.
Compiler: D:/Program/Cygwin/bin/cc 
Build flags: 
Id flags: -c;-I__does_not_exist__ 

The output was:
拒绝访问。


Checking whether the C compiler is IAR using "" did not match "IAR .+ Compiler":
Checking whether the C compiler is IAR using "" did not match "IAR .+ Compiler":
